<?xml version="1.0" encoding="UTF-8"?>
<testsuite xmlns:xsi="http://www.w3.org/2001/XMLSchema-instance" xsi:noNamespaceSchemaLocation="https://maven.apache.org/surefire/maven-surefire-plugin/xsd/surefire-test-report-3.0.xsd" version="3.0" name="se.jensen.project.department.integrationtest.DepartmentIntegrationTest" time="6.185" tests="5" errors="0" skipped="0" failures="0">
  <properties>
[...]
</properties>
  <testcase name="client gets all departments" classname="test department api" time="5.326">
    <system-out><![CDATA[20:34:04.294 [main] DEBUG org.springframework.test.context.BootstrapUtils - Instantiating CacheAwareContextLoaderDelegate from class [org.springframework.test.context.cache.DefaultCacheAwareContextLoaderDelegate]
20:34:04.302 [main] DEBUG org.springframework.test.context.BootstrapUtils - Instantiating BootstrapContext using constructor [public org.springframework.test.context.support.DefaultBootstrapContext(java.lang.Class,org.springframework.test.context.CacheAwareContextLoaderDelegate)]
20:34:04.320 [main] DEBUG org.springframework.test.context.BootstrapUtils - Instantiating TestContextBootstrapper for test class [se.jensen.project.department.integrationtest.DepartmentTestClient] from class [org.springframework.boot.test.context.SpringBootTestContextBootstrapper]
20:34:04.333 [main] INFO org.springframework.boot.test.context.SpringBootTestContextBootstrapper - Neither @ContextConfiguration nor @ContextHierarchy found for test class [se.jensen.project.department.integrationtest.DepartmentTestClient], using SpringBootContextLoader
20:34:04.334 [main] DEBUG org.springframework.test.context.support.AbstractContextLoader - Did not detect default resource location for test class [se.jensen.project.department.integrationtest.DepartmentTestClient]: class path resource [se/jensen/project/department/integrationtest/DepartmentTestClient-context.xml] does not exist
20:34:04.335 [main] DEBUG org.springframework.test.context.support.AbstractContextLoader - Did not detect default resource location for test class [se.jensen.project.department.integrationtest.DepartmentTestClient]: class path resource [se/jensen/project/department/integrationtest/DepartmentTestClientContext.groovy] does not exist
20:34:04.335 [main] INFO org.springframework.test.context.support.AbstractContextLoader - Could not detect default resource locations for test class [se.jensen.project.department.integrationtest.DepartmentTestClient]: no resource found for suffixes {-context.xml, Context.groovy}.
20:34:04.371 [main] DEBUG org.springframework.test.context.support.ActiveProfilesUtils - Could not find an 'annotation declaring class' for annotation type [org.springframework.test.context.ActiveProfiles] and class [se.jensen.project.department.integrationtest.DepartmentTestClient]
20:34:04.444 [main] DEBUG org.springframework.boot.test.context.SpringBootTestContextBootstrapper - @TestExecutionListeners is not present for class [se.jensen.project.department.integrationtest.DepartmentTestClient]: using defaults.
20:34:04.444 [main] INFO org.springframework.boot.test.context.SpringBootTestContextBootstrapper - Loaded default TestExecutionListener class names from location [META-INF/spring.factories]: [org.springframework.boot.test.mock.mockito.MockitoTestExecutionListener, org.springframework.boot.test.mock.mockito.ResetMocksTestExecutionListener, org.springframework.boot.test.autoconfigure.restdocs.RestDocsTestExecutionListener, org.springframework.boot.test.autoconfigure.web.client.MockRestServiceServerResetTestExecutionListener, org.springframework.boot.test.autoconfigure.web.servlet.MockMvcPrintOnlyOnFailureTestExecutionListener, org.springframework.boot.test.autoconfigure.web.servlet.WebDriverTestExecutionListener, org.springframework.boot.test.autoconfigure.webservices.client.MockWebServiceServerTestExecutionListener, org.springframework.test.context.web.ServletTestExecutionListener, org.springframework.test.context.support.DirtiesContextBeforeModesTestExecutionListener, org.springframework.test.context.support.DependencyInjectionTestExecutionListener, org.springframework.test.context.support.DirtiesContextTestExecutionListener, org.springframework.test.context.transaction.TransactionalTestExecutionListener, org.springframework.test.context.jdbc.SqlScriptsTestExecutionListener, org.springframework.test.context.event.EventPublishingTestExecutionListener]
20:34:04.457 [main] INFO org.springframework.boot.test.context.SpringBootTestContextBootstrapper - Using TestExecutionListeners: [org.springframework.test.context.web.ServletTestExecutionListener@60cf62ad, org.springframework.test.context.support.DirtiesContextBeforeModesTestExecutionListener@1e0895f5, org.springframework.boot.test.mock.mockito.MockitoTestExecutionListener@1ac4ccad, org.springframework.boot.test.autoconfigure.SpringBootDependencyInjectionTestExecutionListener@fd9ebde, org.springframework.test.context.support.DirtiesContextTestExecutionListener@14982a82, org.springframework.test.context.transaction.TransactionalTestExecutionListener@4ee5b2d9, org.springframework.test.context.jdbc.SqlScriptsTestExecutionListener@72f8ae0c, org.springframework.test.context.event.EventPublishingTestExecutionListener@323f3c96, org.springframework.boot.test.mock.mockito.ResetMocksTestExecutionListener@6726cc69, org.springframework.boot.test.autoconfigure.restdocs.RestDocsTestExecutionListener@4b6d92e, org.springframework.boot.test.autoconfigure.web.client.MockRestServiceServerResetTestExecutionListener@33899f7a, org.springframework.boot.test.autoconfigure.web.servlet.MockMvcPrintOnlyOnFailureTestExecutionListener@7899de11, org.springframework.boot.test.autoconfigure.web.servlet.WebDriverTestExecutionListener@290d10ef, org.springframework.boot.test.autoconfigure.webservices.client.MockWebServiceServerTestExecutionListener@1bc0d349]
20:34:04.473 [main] DEBUG org.springframework.test.context.support.TestPropertySourceUtils - Adding inlined properties to environment: {spring.jmx.enabled=false, org.springframework.boot.test.context.SpringBootTestContextBootstrapper=true}
####################################################
##   _     _             _ _                      ##
##  | |   (_)           (_) |                     ##
##  | |    _  __ _ _   _ _| |__   __ _ ___  ___   ##
##  | |   | |/ _` | | | | | '_ \ / _` / __|/ _ \  ##
##  | |___| | (_| | |_| | | |_) | (_| \__ \  __/  ##
##  \_____/_|\__, |\__,_|_|_.__/ \__,_|___/\___|  ##
##              | |                               ##
##              |_|                               ##
##                                                ## 
##  Get documentation at docs.liquibase.com       ##
##  Get certified courses at learn.liquibase.com  ## 
##  Get advanced features and support at          ##
##      liquibase.com/support                     ##
##                                                ##
####################################################

2021-12-05 20:34:04.719  INFO 12116 --- [           main] s.j.p.d.i.DepartmentTestClient           : Starting DepartmentTestClient on Dozer with PID 12116 (started by jocke in /Users/jocke/development/jensen-project/jensen-project-test)
2021-12-05 20:34:04.722  INFO 12116 --- [           main] s.j.p.d.i.DepartmentTestClient           : No active profile set, falling back to default profiles: default
2021-12-05 20:34:05.214  INFO 12116 --- [           main] .s.d.r.c.RepositoryConfigurationDelegate : Bootstrapping Spring Data JPA repositories in DEFAULT mode.
2021-12-05 20:34:05.276  INFO 12116 --- [           main] .s.d.r.c.RepositoryConfigurationDelegate : Finished Spring Data repository scanning in 55ms. Found 2 JPA repository interfaces.
2021-12-05 20:34:05.640  INFO 12116 --- [           main] trationDelegate$BeanPostProcessorChecker : Bean 'persistenceTestConfig' of type [se.jensen.project.department.test.config.PersistenceTestConfig$$EnhancerBySpringCGLIB$$b61b261] is not eligible for getting processed by all BeanPostProcessors (for example: not eligible for auto-proxying)
2021-12-05 20:34:06.088  INFO 12116 --- [           main] o.s.b.w.embedded.tomcat.TomcatWebServer  : Tomcat initialized with port(s): 8080 (http)
2021-12-05 20:34:06.096  INFO 12116 --- [           main] o.apache.catalina.core.StandardService   : Starting service [Tomcat]
2021-12-05 20:34:06.096  INFO 12116 --- [           main] org.apache.catalina.core.StandardEngine  : Starting Servlet engine: [Apache Tomcat/9.0.38]
2021-12-05 20:34:06.225  INFO 12116 --- [           main] o.a.c.c.C.[Tomcat].[localhost].[/]       : Initializing Spring embedded WebApplicationContext
2021-12-05 20:34:06.225  INFO 12116 --- [           main] w.s.c.ServletWebServerApplicationContext : Root WebApplicationContext: initialization completed in 1467 ms
2021-12-05 20:34:06.708  INFO 12116 --- [           main] liquibase.lockservice                    : Successfully acquired change log lock
2021-12-05 20:34:07.013  INFO 12116 --- [           main] liquibase.changelog                      : Creating database history table with name: PUBLIC.DATABASECHANGELOG
2021-12-05 20:34:07.015  INFO 12116 --- [           main] liquibase.changelog                      : Reading from PUBLIC.DATABASECHANGELOG
2021-12-05 20:34:07.092  INFO 12116 --- [           main] liquibase.changelog                      : Table EMPLOYEE created
2021-12-05 20:34:07.092  INFO 12116 --- [           main] liquibase.changelog                      : ChangeSet liquibase/employee/employee-changelog.xml::create-employee-table::Joakim Gradin ran successfully in 2ms
2021-12-05 20:34:07.100  INFO 12116 --- [           main] liquibase.changelog                      : New row inserted into EMPLOYEE
2021-12-05 20:34:07.101  INFO 12116 --- [           main] liquibase.changelog                      : New row inserted into EMPLOYEE
2021-12-05 20:34:07.102  INFO 12116 --- [           main] liquibase.changelog                      : New row inserted into EMPLOYEE
2021-12-05 20:34:07.102  INFO 12116 --- [           main] liquibase.changelog                      : ChangeSet liquibase/employee/employee-changelog.xml::add-data-employee::Joakim Gradin ran successfully in 3ms
2021-12-05 20:34:07.104  INFO 12116 --- [           main] liquibase.changelog                      : Table DEPARTMENT created
2021-12-05 20:34:07.104  INFO 12116 --- [           main] liquibase.changelog                      : ChangeSet liquibase/department/department-changelog.xml::create-table-department::Joakim Gradin ran successfully in 1ms
2021-12-05 20:34:07.106  INFO 12116 --- [           main] liquibase.changelog                      : New row inserted into DEPARTMENT
2021-12-05 20:34:07.106  INFO 12116 --- [           main] liquibase.changelog                      : New row inserted into DEPARTMENT
2021-12-05 20:34:07.107  INFO 12116 --- [           main] liquibase.changelog                      : New row inserted into DEPARTMENT
2021-12-05 20:34:07.107  INFO 12116 --- [           main] liquibase.changelog                      : New row inserted into DEPARTMENT
2021-12-05 20:34:07.107  INFO 12116 --- [           main] liquibase.changelog                      : New row inserted into DEPARTMENT
2021-12-05 20:34:07.108  INFO 12116 --- [           main] liquibase.changelog                      : ChangeSet liquibase/department/department-changelog.xml::add-data-department::Joakim Gradin ran successfully in 3ms
2021-12-05 20:34:07.110  INFO 12116 --- [           main] liquibase.lockservice                    : Successfully released change log lock
2021-12-05 20:34:07.178  INFO 12116 --- [           main] o.hibernate.jpa.internal.util.LogHelper  : HHH000204: Processing PersistenceUnitInfo [name: default]
2021-12-05 20:34:07.212  INFO 12116 --- [           main] org.hibernate.Version                    : HHH000412: Hibernate ORM core version 5.4.21.Final
2021-12-05 20:34:07.241  INFO 12116 --- [           main] o.hibernate.annotations.common.Version   : HCANN000001: Hibernate Commons Annotations {5.1.0.Final}
2021-12-05 20:34:07.363  INFO 12116 --- [           main] org.hibernate.dialect.Dialect            : HHH000400: Using dialect: org.hibernate.dialect.H2Dialect
2021-12-05 20:34:07.636  INFO 12116 --- [           main] o.h.e.t.j.p.i.JtaPlatformInitiator       : HHH000490: Using JtaPlatform implementation: [org.hibernate.engine.transaction.jta.platform.internal.NoJtaPlatform]
2021-12-05 20:34:07.641  INFO 12116 --- [           main] j.LocalContainerEntityManagerFactoryBean : Initialized JPA EntityManagerFactory for persistence unit 'default'
2021-12-05 20:34:07.960  WARN 12116 --- [           main] JpaBaseConfiguration$JpaWebConfiguration : spring.jpa.open-in-view is enabled by default. Therefore, database queries may be performed during view rendering. Explicitly configure spring.jpa.open-in-view to disable this warning
2021-12-05 20:34:08.132  INFO 12116 --- [           main] o.s.s.concurrent.ThreadPoolTaskExecutor  : Initializing ExecutorService 'applicationTaskExecutor'
2021-12-05 20:34:08.810  INFO 12116 --- [           main] o.s.b.w.embedded.tomcat.TomcatWebServer  : Tomcat started on port(s): 8080 (http) with context path ''
2021-12-05 20:34:08.819  INFO 12116 --- [           main] s.j.p.d.i.DepartmentTestClient           : Started DepartmentTestClient in 4.345 seconds (JVM running for 6.517)
2021-12-05 20:34:09.061  INFO 12116 --- [nio-8080-exec-1] o.a.c.c.C.[Tomcat].[localhost].[/]       : Initializing Spring DispatcherServlet 'dispatcherServlet'
2021-12-05 20:34:09.061  INFO 12116 --- [nio-8080-exec-1] o.s.web.servlet.DispatcherServlet        : Initializing Servlet 'dispatcherServlet'
2021-12-05 20:34:09.097  INFO 12116 --- [nio-8080-exec-1] o.s.web.servlet.DispatcherServlet        : Completed initialization in 35 ms
2021-12-05 20:34:09.137  INFO 12116 --- [nio-8080-exec-1] oggImpl$$EnhancerBySpringCGLIB$$4b1e8451 : class se.jensen.project.department.service.DepartmentServiceImpl.getDepartments
2021-12-05 20:34:09.352  INFO 12116 --- [nio-8080-exec-1] oggImpl$$EnhancerBySpringCGLIB$$4b1e8451 : Return Value: ([se.jensen.project.department.entity.Department { [se.jensen.project.department.entity.Department.get$hashCodeCache(), departmentId=EntityID(id=1), departmentName=Development] }, se.jensen.project.department.entity.Department { [se.jensen.project.department.entity.Department.get$hashCodeCache(), departmentId=EntityID(id=2), departmentName=Sales] }, se.jensen.project.department.entity.Department { [se.jensen.project.department.entity.Department.get$hashCodeCache(), departmentId=EntityID(id=3), departmentName=Management] }, se.jensen.project.department.entity.Department { [se.jensen.project.department.entity.Department.get$hashCodeCache(), departmentId=EntityID(id=1450), departmentName=Printing] }, se.jensen.project.department.entity.Department { [se.jensen.project.department.entity.Department.get$hashCodeCache(), departmentId=EntityID(id=666), departmentName=SejtanInHeaven] }, java.util.ArrayList { [java.util.ArrayList.getElementData(), java.util.ArrayList.getSize()] }])
2021-12-05 20:34:09.352  INFO 12116 --- [nio-8080-exec-1] oggImpl$$EnhancerBySpringCGLIB$$4b1e8451 : Time Taken by execution(List se.jensen.project.department.service.DepartmentServiceImpl.getDepartments()) is 215 ms
]]></system-out>
  </testcase>
  <testcase name="client updates name for department 1 #1" classname="test department api" time="0.152">
    <system-out><![CDATA[2021-12-05 20:34:09.473  INFO 12116 --- [           main] .b.t.c.SpringBootTestContextBootstrapper : Neither @ContextConfiguration nor @ContextHierarchy found for test class [se.jensen.project.department.integrationtest.DepartmentTestClient], using SpringBootContextLoader
2021-12-05 20:34:09.474  INFO 12116 --- [           main] o.s.t.c.support.AbstractContextLoader    : Could not detect default resource locations for test class [se.jensen.project.department.integrationtest.DepartmentTestClient]: no resource found for suffixes {-context.xml, Context.groovy}.
2021-12-05 20:34:09.479  INFO 12116 --- [           main] .b.t.c.SpringBootTestContextBootstrapper : Loaded default TestExecutionListener class names from location [META-INF/spring.factories]: [org.springframework.boot.test.mock.mockito.MockitoTestExecutionListener, org.springframework.boot.test.mock.mockito.ResetMocksTestExecutionListener, org.springframework.boot.test.autoconfigure.restdocs.RestDocsTestExecutionListener, org.springframework.boot.test.autoconfigure.web.client.MockRestServiceServerResetTestExecutionListener, org.springframework.boot.test.autoconfigure.web.servlet.MockMvcPrintOnlyOnFailureTestExecutionListener, org.springframework.boot.test.autoconfigure.web.servlet.WebDriverTestExecutionListener, org.springframework.boot.test.autoconfigure.webservices.client.MockWebServiceServerTestExecutionListener, org.springframework.test.context.web.ServletTestExecutionListener, org.springframework.test.context.support.DirtiesContextBeforeModesTestExecutionListener, org.springframework.test.context.support.DependencyInjectionTestExecutionListener, org.springframework.test.context.support.DirtiesContextTestExecutionListener, org.springframework.test.context.transaction.TransactionalTestExecutionListener, org.springframework.test.context.jdbc.SqlScriptsTestExecutionListener, org.springframework.test.context.event.EventPublishingTestExecutionListener]
2021-12-05 20:34:09.479  INFO 12116 --- [           main] .b.t.c.SpringBootTestContextBootstrapper : Using TestExecutionListeners: [org.springframework.test.context.web.ServletTestExecutionListener@5d52a17b, org.springframework.test.context.support.DirtiesContextBeforeModesTestExecutionListener@71c264e5, org.springframework.boot.test.mock.mockito.MockitoTestExecutionListener@4528a871, org.springframework.boot.test.autoconfigure.SpringBootDependencyInjectionTestExecutionListener@7d6e2366, org.springframework.test.context.support.DirtiesContextTestExecutionListener@357f0cc9, org.springframework.test.context.transaction.TransactionalTestExecutionListener@57f8a3cf, org.springframework.test.context.jdbc.SqlScriptsTestExecutionListener@5713e261, org.springframework.test.context.event.EventPublishingTestExecutionListener@5b6a9ef6, org.springframework.boot.test.mock.mockito.ResetMocksTestExecutionListener@16bed816, org.springframework.boot.test.autoconfigure.restdocs.RestDocsTestExecutionListener@4cae7d5, org.springframework.boot.test.autoconfigure.web.client.MockRestServiceServerResetTestExecutionListener@4c821dc7, org.springframework.boot.test.autoconfigure.web.servlet.MockMvcPrintOnlyOnFailureTestExecutionListener@4390b78f, org.springframework.boot.test.autoconfigure.web.servlet.WebDriverTestExecutionListener@230ea983, org.springframework.boot.test.autoconfigure.webservices.client.MockWebServiceServerTestExecutionListener@70290678]
2021-12-05 20:34:09.543  INFO 12116 --- [nio-8080-exec-2] oggImpl$$EnhancerBySpringCGLIB$$4b1e8451 : class se.jensen.project.department.service.DepartmentServiceImpl.update
2021-12-05 20:34:09.545  INFO 12116 --- [nio-8080-exec-2] oggImpl$$EnhancerBySpringCGLIB$$4b1e8451 : param department = Department(departmentId=EntityID(id=1), departmentName=Coding)
2021-12-05 20:34:09.615  INFO 12116 --- [nio-8080-exec-2] oggImpl$$EnhancerBySpringCGLIB$$4b1e8451 : Return Value: ([se.jensen.project.department.entity.Department { [se.jensen.project.department.entity.Department.get$hashCodeCache(), departmentId=EntityID(id=1), departmentName=Coding] }])
2021-12-05 20:34:09.615  INFO 12116 --- [nio-8080-exec-2] oggImpl$$EnhancerBySpringCGLIB$$4b1e8451 : Time Taken by execution(Department se.jensen.project.department.service.DepartmentServiceImpl.update(Department)) is 70 ms
2021-12-05 20:34:09.636  INFO 12116 --- [nio-8080-exec-4] oggImpl$$EnhancerBySpringCGLIB$$4b1e8451 : class se.jensen.project.department.service.DepartmentServiceImpl.getDepartmentById
2021-12-05 20:34:09.637  INFO 12116 --- [nio-8080-exec-4] oggImpl$$EnhancerBySpringCGLIB$$4b1e8451 : param departmentId = 1
2021-12-05 20:34:09.642  INFO 12116 --- [nio-8080-exec-4] oggImpl$$EnhancerBySpringCGLIB$$4b1e8451 : Return Value: ([se.jensen.project.department.entity.Department { [se.jensen.project.department.entity.Department.get$hashCodeCache(), departmentId=EntityID(id=1), departmentName=Coding] }])
2021-12-05 20:34:09.643  INFO 12116 --- [nio-8080-exec-4] oggImpl$$EnhancerBySpringCGLIB$$4b1e8451 : Time Taken by execution(Department se.jensen.project.department.service.DepartmentServiceImpl.getDepartmentById(Integer)) is 6 ms
]]></system-out>
  </testcase>
  <testcase name="client gets Department 1" classname="test department api" time="0.025">
    <system-out><![CDATA[2021-12-05 20:34:09.648  INFO 12116 --- [           main] .b.t.c.SpringBootTestContextBootstrapper : Neither @ContextConfiguration nor @ContextHierarchy found for test class [se.jensen.project.department.integrationtest.DepartmentTestClient], using SpringBootContextLoader
2021-12-05 20:34:09.650  INFO 12116 --- [           main] o.s.t.c.support.AbstractContextLoader    : Could not detect default resource locations for test class [se.jensen.project.department.integrationtest.DepartmentTestClient]: no resource found for suffixes {-context.xml, Context.groovy}.
2021-12-05 20:34:09.654  INFO 12116 --- [           main] .b.t.c.SpringBootTestContextBootstrapper : Loaded default TestExecutionListener class names from location [META-INF/spring.factories]: [org.springframework.boot.test.mock.mockito.MockitoTestExecutionListener, org.springframework.boot.test.mock.mockito.ResetMocksTestExecutionListener, org.springframework.boot.test.autoconfigure.restdocs.RestDocsTestExecutionListener, org.springframework.boot.test.autoconfigure.web.client.MockRestServiceServerResetTestExecutionListener, org.springframework.boot.test.autoconfigure.web.servlet.MockMvcPrintOnlyOnFailureTestExecutionListener, org.springframework.boot.test.autoconfigure.web.servlet.WebDriverTestExecutionListener, org.springframework.boot.test.autoconfigure.webservices.client.MockWebServiceServerTestExecutionListener, org.springframework.test.context.web.ServletTestExecutionListener, org.springframework.test.context.support.DirtiesContextBeforeModesTestExecutionListener, org.springframework.test.context.support.DependencyInjectionTestExecutionListener, org.springframework.test.context.support.DirtiesContextTestExecutionListener, org.springframework.test.context.transaction.TransactionalTestExecutionListener, org.springframework.test.context.jdbc.SqlScriptsTestExecutionListener, org.springframework.test.context.event.EventPublishingTestExecutionListener]
2021-12-05 20:34:09.654  INFO 12116 --- [           main] .b.t.c.SpringBootTestContextBootstrapper : Using TestExecutionListeners: [org.springframework.test.context.web.ServletTestExecutionListener@25bc36, org.springframework.test.context.support.DirtiesContextBeforeModesTestExecutionListener@fcdeb50, org.springframework.boot.test.mock.mockito.MockitoTestExecutionListener@5f7a2a79, org.springframework.boot.test.autoconfigure.SpringBootDependencyInjectionTestExecutionListener@65f1bf2c, org.springframework.test.context.support.DirtiesContextTestExecutionListener@48186ba8, org.springframework.test.context.transaction.TransactionalTestExecutionListener@286f8e90, org.springframework.test.context.jdbc.SqlScriptsTestExecutionListener@26c84006, org.springframework.test.context.event.EventPublishingTestExecutionListener@4ea8832c, org.springframework.boot.test.mock.mockito.ResetMocksTestExecutionListener@45e6f47a, org.springframework.boot.test.autoconfigure.restdocs.RestDocsTestExecutionListener@11a9f958, org.springframework.boot.test.autoconfigure.web.client.MockRestServiceServerResetTestExecutionListener@7585531b, org.springframework.boot.test.autoconfigure.web.servlet.MockMvcPrintOnlyOnFailureTestExecutionListener@7fbe0f64, org.springframework.boot.test.autoconfigure.web.servlet.WebDriverTestExecutionListener@d0971cd, org.springframework.boot.test.autoconfigure.webservices.client.MockWebServiceServerTestExecutionListener@53b42a0d]
2021-12-05 20:34:09.665  INFO 12116 --- [nio-8080-exec-5] oggImpl$$EnhancerBySpringCGLIB$$4b1e8451 : class se.jensen.project.department.service.DepartmentServiceImpl.getDepartmentById
2021-12-05 20:34:09.666  INFO 12116 --- [nio-8080-exec-5] oggImpl$$EnhancerBySpringCGLIB$$4b1e8451 : param departmentId = 1
2021-12-05 20:34:09.669  INFO 12116 --- [nio-8080-exec-5] oggImpl$$EnhancerBySpringCGLIB$$4b1e8451 : Return Value: ([se.jensen.project.department.entity.Department { [se.jensen.project.department.entity.Department.get$hashCodeCache(), departmentId=EntityID(id=1), departmentName=Coding] }])
2021-12-05 20:34:09.669  INFO 12116 --- [nio-8080-exec-5] oggImpl$$EnhancerBySpringCGLIB$$4b1e8451 : Time Taken by execution(Department se.jensen.project.department.service.DepartmentServiceImpl.getDepartmentById(Integer)) is 3 ms
]]></system-out>
  </testcase>
  <testcase name="client updates name for department 1 #2" classname="test department api" time="0.062">
    <system-out><![CDATA[2021-12-05 20:34:09.675  INFO 12116 --- [           main] .b.t.c.SpringBootTestContextBootstrapper : Neither @ContextConfiguration nor @ContextHierarchy found for test class [se.jensen.project.department.integrationtest.DepartmentTestClient], using SpringBootContextLoader
2021-12-05 20:34:09.679  INFO 12116 --- [           main] o.s.t.c.support.AbstractContextLoader    : Could not detect default resource locations for test class [se.jensen.project.department.integrationtest.DepartmentTestClient]: no resource found for suffixes {-context.xml, Context.groovy}.
2021-12-05 20:34:09.681  INFO 12116 --- [           main] .b.t.c.SpringBootTestContextBootstrapper : Loaded default TestExecutionListener class names from location [META-INF/spring.factories]: [org.springframework.boot.test.mock.mockito.MockitoTestExecutionListener, org.springframework.boot.test.mock.mockito.ResetMocksTestExecutionListener, org.springframework.boot.test.autoconfigure.restdocs.RestDocsTestExecutionListener, org.springframework.boot.test.autoconfigure.web.client.MockRestServiceServerResetTestExecutionListener, org.springframework.boot.test.autoconfigure.web.servlet.MockMvcPrintOnlyOnFailureTestExecutionListener, org.springframework.boot.test.autoconfigure.web.servlet.WebDriverTestExecutionListener, org.springframework.boot.test.autoconfigure.webservices.client.MockWebServiceServerTestExecutionListener, org.springframework.test.context.web.ServletTestExecutionListener, org.springframework.test.context.support.DirtiesContextBeforeModesTestExecutionListener, org.springframework.test.context.support.DependencyInjectionTestExecutionListener, org.springframework.test.context.support.DirtiesContextTestExecutionListener, org.springframework.test.context.transaction.TransactionalTestExecutionListener, org.springframework.test.context.jdbc.SqlScriptsTestExecutionListener, org.springframework.test.context.event.EventPublishingTestExecutionListener]
2021-12-05 20:34:09.681  INFO 12116 --- [           main] .b.t.c.SpringBootTestContextBootstrapper : Using TestExecutionListeners: [org.springframework.test.context.web.ServletTestExecutionListener@33c5d3e, org.springframework.test.context.support.DirtiesContextBeforeModesTestExecutionListener@45fdd38d, org.springframework.boot.test.mock.mockito.MockitoTestExecutionListener@376b6d7d, org.springframework.boot.test.autoconfigure.SpringBootDependencyInjectionTestExecutionListener@e934485, org.springframework.test.context.support.DirtiesContextTestExecutionListener@6f272dc4, org.springframework.test.context.transaction.TransactionalTestExecutionListener@446dea16, org.springframework.test.context.jdbc.SqlScriptsTestExecutionListener@28817763, org.springframework.test.context.event.EventPublishingTestExecutionListener@3c22a99a, org.springframework.boot.test.mock.mockito.ResetMocksTestExecutionListener@6abdead7, org.springframework.boot.test.autoconfigure.restdocs.RestDocsTestExecutionListener@412b90cc, org.springframework.boot.test.autoconfigure.web.client.MockRestServiceServerResetTestExecutionListener@6232cde5, org.springframework.boot.test.autoconfigure.web.servlet.MockMvcPrintOnlyOnFailureTestExecutionListener@4b75d640, org.springframework.boot.test.autoconfigure.web.servlet.WebDriverTestExecutionListener@4e9b66ab, org.springframework.boot.test.autoconfigure.webservices.client.MockWebServiceServerTestExecutionListener@532b3244]
2021-12-05 20:34:09.694  INFO 12116 --- [nio-8080-exec-6] oggImpl$$EnhancerBySpringCGLIB$$4b1e8451 : class se.jensen.project.department.service.DepartmentServiceImpl.update
2021-12-05 20:34:09.694  INFO 12116 --- [nio-8080-exec-6] oggImpl$$EnhancerBySpringCGLIB$$4b1e8451 : param department = Department(departmentId=EntityID(id=1), departmentName=Development)
2021-12-05 20:34:09.700  INFO 12116 --- [nio-8080-exec-6] oggImpl$$EnhancerBySpringCGLIB$$4b1e8451 : Return Value: ([se.jensen.project.department.entity.Department { [se.jensen.project.department.entity.Department.get$hashCodeCache(), departmentId=EntityID(id=1), departmentName=Development] }])
2021-12-05 20:34:09.700  INFO 12116 --- [nio-8080-exec-6] oggImpl$$EnhancerBySpringCGLIB$$4b1e8451 : Time Taken by execution(Department se.jensen.project.department.service.DepartmentServiceImpl.update(Department)) is 6 ms
2021-12-05 20:34:09.721  INFO 12116 --- [nio-8080-exec-7] oggImpl$$EnhancerBySpringCGLIB$$4b1e8451 : class se.jensen.project.department.service.DepartmentServiceImpl.getDepartmentById
2021-12-05 20:34:09.722  INFO 12116 --- [nio-8080-exec-7] oggImpl$$EnhancerBySpringCGLIB$$4b1e8451 : param departmentId = 1
2021-12-05 20:34:09.730  INFO 12116 --- [nio-8080-exec-7] oggImpl$$EnhancerBySpringCGLIB$$4b1e8451 : Return Value: ([se.jensen.project.department.entity.Department { [se.jensen.project.department.entity.Department.get$hashCodeCache(), departmentId=EntityID(id=1), departmentName=Development] }])
2021-12-05 20:34:09.730  INFO 12116 --- [nio-8080-exec-7] oggImpl$$EnhancerBySpringCGLIB$$4b1e8451 : Time Taken by execution(Department se.jensen.project.department.service.DepartmentServiceImpl.getDepartmentById(Integer)) is 8 ms
]]></system-out>
  </testcase>
  <testcase name="client deletes department" classname="test department api" time="0.292">
    <system-out><![CDATA[2021-12-05 20:34:09.733  INFO 12116 --- [           main] .b.t.c.SpringBootTestContextBootstrapper : Neither @ContextConfiguration nor @ContextHierarchy found for test class [se.jensen.project.department.integrationtest.DepartmentTestClient], using SpringBootContextLoader
2021-12-05 20:34:09.734  INFO 12116 --- [           main] o.s.t.c.support.AbstractContextLoader    : Could not detect default resource locations for test class [se.jensen.project.department.integrationtest.DepartmentTestClient]: no resource found for suffixes {-context.xml, Context.groovy}.
2021-12-05 20:34:09.736  INFO 12116 --- [           main] .b.t.c.SpringBootTestContextBootstrapper : Loaded default TestExecutionListener class names from location [META-INF/spring.factories]: [org.springframework.boot.test.mock.mockito.MockitoTestExecutionListener, org.springframework.boot.test.mock.mockito.ResetMocksTestExecutionListener, org.springframework.boot.test.autoconfigure.restdocs.RestDocsTestExecutionListener, org.springframework.boot.test.autoconfigure.web.client.MockRestServiceServerResetTestExecutionListener, org.springframework.boot.test.autoconfigure.web.servlet.MockMvcPrintOnlyOnFailureTestExecutionListener, org.springframework.boot.test.autoconfigure.web.servlet.WebDriverTestExecutionListener, org.springframework.boot.test.autoconfigure.webservices.client.MockWebServiceServerTestExecutionListener, org.springframework.test.context.web.ServletTestExecutionListener, org.springframework.test.context.support.DirtiesContextBeforeModesTestExecutionListener, org.springframework.test.context.support.DependencyInjectionTestExecutionListener, org.springframework.test.context.support.DirtiesContextTestExecutionListener, org.springframework.test.context.transaction.TransactionalTestExecutionListener, org.springframework.test.context.jdbc.SqlScriptsTestExecutionListener, org.springframework.test.context.event.EventPublishingTestExecutionListener]
2021-12-05 20:34:09.736  INFO 12116 --- [           main] .b.t.c.SpringBootTestContextBootstrapper : Using TestExecutionListeners: [org.springframework.test.context.web.ServletTestExecutionListener@42a08547, org.springframework.test.context.support.DirtiesContextBeforeModesTestExecutionListener@579b1d86, org.springframework.boot.test.mock.mockito.MockitoTestExecutionListener@5d28ac23, org.springframework.boot.test.autoconfigure.SpringBootDependencyInjectionTestExecutionListener@6e18bc2f, org.springframework.test.context.support.DirtiesContextTestExecutionListener@28d48616, org.springframework.test.context.transaction.TransactionalTestExecutionListener@27acd9a7, org.springframework.test.context.jdbc.SqlScriptsTestExecutionListener@3f7d20c5, org.springframework.test.context.event.EventPublishingTestExecutionListener@142f0ac1, org.springframework.boot.test.mock.mockito.ResetMocksTestExecutionListener@1847da64, org.springframework.boot.test.autoconfigure.restdocs.RestDocsTestExecutionListener@5967492a, org.springframework.boot.test.autoconfigure.web.client.MockRestServiceServerResetTestExecutionListener@f4a21cb, org.springframework.boot.test.autoconfigure.web.servlet.MockMvcPrintOnlyOnFailureTestExecutionListener@635f4be1, org.springframework.boot.test.autoconfigure.web.servlet.WebDriverTestExecutionListener@456d3914, org.springframework.boot.test.autoconfigure.webservices.client.MockWebServiceServerTestExecutionListener@26a0068a]
2021-12-05 20:34:09.766  INFO 12116 --- [nio-8080-exec-8] oggImpl$$EnhancerBySpringCGLIB$$4b1e8451 : class se.jensen.project.department.service.DepartmentServiceImpl.create
2021-12-05 20:34:09.766  INFO 12116 --- [nio-8080-exec-8] oggImpl$$EnhancerBySpringCGLIB$$4b1e8451 : param department = Department(departmentId=EntityID(id=55), departmentName=Fun)
2021-12-05 20:34:09.782  INFO 12116 --- [nio-8080-exec-8] oggImpl$$EnhancerBySpringCGLIB$$4b1e8451 : Return Value: ([se.jensen.project.department.entity.Department { [se.jensen.project.department.entity.Department.get$hashCodeCache(), departmentId=EntityID(id=55), departmentName=Fun] }])
2021-12-05 20:34:09.783  INFO 12116 --- [nio-8080-exec-8] oggImpl$$EnhancerBySpringCGLIB$$4b1e8451 : Time Taken by execution(Department se.jensen.project.department.service.DepartmentServiceImpl.create(Department)) is 17 ms
2021-12-05 20:34:09.794  INFO 12116 --- [nio-8080-exec-9] oggImpl$$EnhancerBySpringCGLIB$$4b1e8451 : class se.jensen.project.department.service.DepartmentServiceImpl.create
2021-12-05 20:34:09.795  INFO 12116 --- [nio-8080-exec-9] oggImpl$$EnhancerBySpringCGLIB$$4b1e8451 : param department = Department(departmentId=EntityID(id=56), departmentName=HR)
2021-12-05 20:34:09.809  INFO 12116 --- [nio-8080-exec-9] oggImpl$$EnhancerBySpringCGLIB$$4b1e8451 : Return Value: ([se.jensen.project.department.entity.Department { [se.jensen.project.department.entity.Department.get$hashCodeCache(), departmentId=EntityID(id=56), departmentName=HR] }])
2021-12-05 20:34:09.810  INFO 12116 --- [nio-8080-exec-9] oggImpl$$EnhancerBySpringCGLIB$$4b1e8451 : Time Taken by execution(Department se.jensen.project.department.service.DepartmentServiceImpl.create(Department)) is 15 ms
2021-12-05 20:34:09.826  INFO 12116 --- [io-8080-exec-10] oggImpl$$EnhancerBySpringCGLIB$$4b1e8451 : class se.jensen.project.department.service.DepartmentServiceImpl.create
2021-12-05 20:34:09.826  INFO 12116 --- [io-8080-exec-10] oggImpl$$EnhancerBySpringCGLIB$$4b1e8451 : param department = Department(departmentId=EntityID(id=57), departmentName=Fika)
2021-12-05 20:34:09.831  INFO 12116 --- [io-8080-exec-10] oggImpl$$EnhancerBySpringCGLIB$$4b1e8451 : Return Value: ([se.jensen.project.department.entity.Department { [se.jensen.project.department.entity.Department.get$hashCodeCache(), departmentId=EntityID(id=57), departmentName=Fika] }])
2021-12-05 20:34:09.831  INFO 12116 --- [io-8080-exec-10] oggImpl$$EnhancerBySpringCGLIB$$4b1e8451 : Time Taken by execution(Department se.jensen.project.department.service.DepartmentServiceImpl.create(Department)) is 5 ms
2021-12-05 20:34:09.840  INFO 12116 --- [nio-8080-exec-1] oggImpl$$EnhancerBySpringCGLIB$$4b1e8451 : class se.jensen.project.department.service.DepartmentServiceImpl.getDepartmentById
2021-12-05 20:34:09.840  INFO 12116 --- [nio-8080-exec-1] oggImpl$$EnhancerBySpringCGLIB$$4b1e8451 : param departmentId = 55
2021-12-05 20:34:09.844  INFO 12116 --- [nio-8080-exec-1] oggImpl$$EnhancerBySpringCGLIB$$4b1e8451 : Return Value: ([se.jensen.project.department.entity.Department { [se.jensen.project.department.entity.Department.get$hashCodeCache(), departmentId=EntityID(id=55), departmentName=Fun] }])
2021-12-05 20:34:09.845  INFO 12116 --- [nio-8080-exec-1] oggImpl$$EnhancerBySpringCGLIB$$4b1e8451 : Time Taken by execution(Department se.jensen.project.department.service.DepartmentServiceImpl.getDepartmentById(Integer)) is 5 ms
2021-12-05 20:34:09.861  INFO 12116 --- [nio-8080-exec-2] oggImpl$$EnhancerBySpringCGLIB$$4b1e8451 : class se.jensen.project.department.service.DepartmentServiceImpl.remove
2021-12-05 20:34:09.861  INFO 12116 --- [nio-8080-exec-2] oggImpl$$EnhancerBySpringCGLIB$$4b1e8451 : param department = Department(departmentId=EntityID(id=55), departmentName=Fun)
2021-12-05 20:34:09.873  INFO 12116 --- [nio-8080-exec-2] oggImpl$$EnhancerBySpringCGLIB$$4b1e8451 : Return Value: ([se.jensen.project.department.entity.Department { [se.jensen.project.department.entity.Department.get$hashCodeCache(), departmentId=EntityID(id=55), departmentName=Fun] }])
2021-12-05 20:34:09.873  INFO 12116 --- [nio-8080-exec-2] oggImpl$$EnhancerBySpringCGLIB$$4b1e8451 : Time Taken by execution(Department se.jensen.project.department.service.DepartmentServiceImpl.remove(Department)) is 12 ms
2021-12-05 20:34:09.882  INFO 12116 --- [nio-8080-exec-3] oggImpl$$EnhancerBySpringCGLIB$$4b1e8451 : class se.jensen.project.department.service.DepartmentServiceImpl.getDepartmentById
2021-12-05 20:34:09.882  INFO 12116 --- [nio-8080-exec-3] oggImpl$$EnhancerBySpringCGLIB$$4b1e8451 : param departmentId = 56
2021-12-05 20:34:09.886  INFO 12116 --- [nio-8080-exec-3] oggImpl$$EnhancerBySpringCGLIB$$4b1e8451 : Return Value: ([se.jensen.project.department.entity.Department { [se.jensen.project.department.entity.Department.get$hashCodeCache(), departmentId=EntityID(id=56), departmentName=HR] }])
2021-12-05 20:34:09.886  INFO 12116 --- [nio-8080-exec-3] oggImpl$$EnhancerBySpringCGLIB$$4b1e8451 : Time Taken by execution(Department se.jensen.project.department.service.DepartmentServiceImpl.getDepartmentById(Integer)) is 4 ms
2021-12-05 20:34:09.896  INFO 12116 --- [nio-8080-exec-4] oggImpl$$EnhancerBySpringCGLIB$$4b1e8451 : class se.jensen.project.department.service.DepartmentServiceImpl.remove
2021-12-05 20:34:09.897  INFO 12116 --- [nio-8080-exec-4] oggImpl$$EnhancerBySpringCGLIB$$4b1e8451 : param department = Department(departmentId=EntityID(id=56), departmentName=HR)
2021-12-05 20:34:09.908  INFO 12116 --- [nio-8080-exec-4] oggImpl$$EnhancerBySpringCGLIB$$4b1e8451 : Return Value: ([se.jensen.project.department.entity.Department { [se.jensen.project.department.entity.Department.get$hashCodeCache(), departmentId=EntityID(id=56), departmentName=HR] }])
2021-12-05 20:34:09.908  INFO 12116 --- [nio-8080-exec-4] oggImpl$$EnhancerBySpringCGLIB$$4b1e8451 : Time Taken by execution(Department se.jensen.project.department.service.DepartmentServiceImpl.remove(Department)) is 11 ms
2021-12-05 20:34:09.917  INFO 12116 --- [nio-8080-exec-5] oggImpl$$EnhancerBySpringCGLIB$$4b1e8451 : class se.jensen.project.department.service.DepartmentServiceImpl.getDepartmentById
2021-12-05 20:34:09.917  INFO 12116 --- [nio-8080-exec-5] oggImpl$$EnhancerBySpringCGLIB$$4b1e8451 : param departmentId = 57
2021-12-05 20:34:09.920  INFO 12116 --- [nio-8080-exec-5] oggImpl$$EnhancerBySpringCGLIB$$4b1e8451 : Return Value: ([se.jensen.project.department.entity.Department { [se.jensen.project.department.entity.Department.get$hashCodeCache(), departmentId=EntityID(id=57), departmentName=Fika] }])
2021-12-05 20:34:09.920  INFO 12116 --- [nio-8080-exec-5] oggImpl$$EnhancerBySpringCGLIB$$4b1e8451 : Time Taken by execution(Department se.jensen.project.department.service.DepartmentServiceImpl.getDepartmentById(Integer)) is 3 ms
2021-12-05 20:34:09.928  INFO 12116 --- [nio-8080-exec-6] oggImpl$$EnhancerBySpringCGLIB$$4b1e8451 : class se.jensen.project.department.service.DepartmentServiceImpl.remove
2021-12-05 20:34:09.929  INFO 12116 --- [nio-8080-exec-6] oggImpl$$EnhancerBySpringCGLIB$$4b1e8451 : param department = Department(departmentId=EntityID(id=57), departmentName=Fika)
2021-12-05 20:34:09.934  INFO 12116 --- [nio-8080-exec-6] oggImpl$$EnhancerBySpringCGLIB$$4b1e8451 : Return Value: ([se.jensen.project.department.entity.Department { [se.jensen.project.department.entity.Department.get$hashCodeCache(), departmentId=EntityID(id=57), departmentName=Fika] }])
2021-12-05 20:34:09.934  INFO 12116 --- [nio-8080-exec-6] oggImpl$$EnhancerBySpringCGLIB$$4b1e8451 : Time Taken by execution(Department se.jensen.project.department.service.DepartmentServiceImpl.remove(Department)) is 5 ms
2021-12-05 20:34:09.949  INFO 12116 --- [nio-8080-exec-7] oggImpl$$EnhancerBySpringCGLIB$$4b1e8451 : class se.jensen.project.department.service.DepartmentServiceImpl.getDepartmentById
2021-12-05 20:34:09.949  INFO 12116 --- [nio-8080-exec-7] oggImpl$$EnhancerBySpringCGLIB$$4b1e8451 : param departmentId = 55
2021-12-05 20:34:09.953  INFO 12116 --- [nio-8080-exec-7] oggImpl$$EnhancerBySpringCGLIB$$4b1e8451 : Exception: ([se.jensen.project.common.dao.EntityNotFoundException { [] }])
2021-12-05 20:34:09.959  INFO 12116 --- [nio-8080-exec-7] oggImpl$$EnhancerBySpringCGLIB$$4b1e8451 : class se.jensen.project.common.rest.ExceptionHandlerAdvice.handleEntityNotFoundException
2021-12-05 20:34:09.959  INFO 12116 --- [nio-8080-exec-7] oggImpl$$EnhancerBySpringCGLIB$$4b1e8451 : param e = se.jensen.project.common.dao.EntityNotFoundException: Entity with id 55 not found
2021-12-05 20:34:09.965  INFO 12116 --- [nio-8080-exec-7] oggImpl$$EnhancerBySpringCGLIB$$4b1e8451 : Return Value: ([org.springframework.http.ResponseEntity { [org.springframework.http.ResponseEntity.getStatus()] }])
2021-12-05 20:34:09.965  INFO 12116 --- [nio-8080-exec-7] oggImpl$$EnhancerBySpringCGLIB$$4b1e8451 : Time Taken by execution(ResponseEntity se.jensen.project.common.rest.ExceptionHandlerAdvice.handleEntityNotFoundException(EntityNotFoundException)) is 6 ms
2021-12-05 20:34:09.982  INFO 12116 --- [nio-8080-exec-8] oggImpl$$EnhancerBySpringCGLIB$$4b1e8451 : class se.jensen.project.department.service.DepartmentServiceImpl.getDepartmentById
2021-12-05 20:34:09.982  INFO 12116 --- [nio-8080-exec-8] oggImpl$$EnhancerBySpringCGLIB$$4b1e8451 : param departmentId = 56
2021-12-05 20:34:09.984  INFO 12116 --- [nio-8080-exec-8] oggImpl$$EnhancerBySpringCGLIB$$4b1e8451 : Exception: ([se.jensen.project.common.dao.EntityNotFoundException { [] }])
2021-12-05 20:34:09.984  INFO 12116 --- [nio-8080-exec-8] oggImpl$$EnhancerBySpringCGLIB$$4b1e8451 : class se.jensen.project.common.rest.ExceptionHandlerAdvice.handleEntityNotFoundException
2021-12-05 20:34:09.984  INFO 12116 --- [nio-8080-exec-8] oggImpl$$EnhancerBySpringCGLIB$$4b1e8451 : param e = se.jensen.project.common.dao.EntityNotFoundException: Entity with id 56 not found
2021-12-05 20:34:09.985  INFO 12116 --- [nio-8080-exec-8] oggImpl$$EnhancerBySpringCGLIB$$4b1e8451 : Return Value: ([org.springframework.http.ResponseEntity { [org.springframework.http.ResponseEntity.getStatus()] }])
2021-12-05 20:34:09.985  INFO 12116 --- [nio-8080-exec-8] oggImpl$$EnhancerBySpringCGLIB$$4b1e8451 : Time Taken by execution(ResponseEntity se.jensen.project.common.rest.ExceptionHandlerAdvice.handleEntityNotFoundException(EntityNotFoundException)) is 1 ms
2021-12-05 20:34:09.992  INFO 12116 --- [nio-8080-exec-9] oggImpl$$EnhancerBySpringCGLIB$$4b1e8451 : class se.jensen.project.department.service.DepartmentServiceImpl.getDepartmentById
2021-12-05 20:34:09.992  INFO 12116 --- [nio-8080-exec-9] oggImpl$$EnhancerBySpringCGLIB$$4b1e8451 : param departmentId = 57
2021-12-05 20:34:09.994  INFO 12116 --- [nio-8080-exec-9] oggImpl$$EnhancerBySpringCGLIB$$4b1e8451 : Exception: ([se.jensen.project.common.dao.EntityNotFoundException { [] }])
2021-12-05 20:34:09.994  INFO 12116 --- [nio-8080-exec-9] oggImpl$$EnhancerBySpringCGLIB$$4b1e8451 : class se.jensen.project.common.rest.ExceptionHandlerAdvice.handleEntityNotFoundException
2021-12-05 20:34:09.994  INFO 12116 --- [nio-8080-exec-9] oggImpl$$EnhancerBySpringCGLIB$$4b1e8451 : param e = se.jensen.project.common.dao.EntityNotFoundException: Entity with id 57 not found
2021-12-05 20:34:09.994  INFO 12116 --- [nio-8080-exec-9] oggImpl$$EnhancerBySpringCGLIB$$4b1e8451 : Return Value: ([org.springframework.http.ResponseEntity { [org.springframework.http.ResponseEntity.getStatus()] }])
2021-12-05 20:34:09.994  INFO 12116 --- [nio-8080-exec-9] oggImpl$$EnhancerBySpringCGLIB$$4b1e8451 : Time Taken by execution(ResponseEntity se.jensen.project.common.rest.ExceptionHandlerAdvice.handleEntityNotFoundException(EntityNotFoundException)) is 0 ms
]]></system-out>
  </testcase>
</testsuite>